2023-07-29 11:00:18,205 - INFO -  
 
 main - here we are at main. Calling get_homePage. Like/dislike == dislike
2023-07-29 11:00:19,252 - INFO - got home page: https://www.pudelek.pl/https://www.pudelek.pl/kinga-rusin-komentuje-tragiczny-pozar-na-rodos-ewakuowano-wszystkich-mieszkancow-miejscowosci-sasiadujacej-z-nasza-wioska-6923733386107872a?fbclid=IwAR0eb8JgpF4vPFCyvRNT_5kqnhePmDNu1EHBWo_l0fd7fyQR_TFwZNDklJc
2023-07-29 11:00:19,252 - INFO - Terms and conditions starting...
2023-07-29 11:00:19,283 - INFO - click - clicking given xpath: /html/body/div[3]/div/div[2]/div[3]/div/button[2] - clicked accept terms button
2023-07-29 11:00:22,294 - INFO - comment1: A ja uważam, ze Kinga takimi postami się zwyczajnie promuje. To jest ludzka tragedia, a dla pani pretekst żeby wrzucić swoje zdjęcie. Taki jest zreszta cały instagram. Niewazne jak poważny post, każdy obudowany jest selfikiem. Inna sprawa, że nagle każdy celebryta mieszka w Grecji, zna każda uliczkę i robi zakupy w lokalnych sklepach. Grecja jest popularnym kierunkiem, nie tylko wy tam jeździcie, drodzy celebryci ;)
2023-07-29 11:00:22,294 - INFO - search_comment - searching for comment - CURRENT PAGE IS: 1
2023-07-29 11:00:22,328 - INFO - b'(<!-- -->320<!-- -->)'
2023-07-29 11:00:22,368 - INFO - b'A ja uwa\xc5\xbcam, ze Kinga takimi postami si\xc4\x99 zwyczajnie promuje. To jest ludzka tragedia, a dla pani pretekst \xc5\xbceby wrzuci\xc4\x87 swoje zdj\xc4\x99cie. Taki jest zreszta ca\xc5\x82y instagram. Niewazne jak powa\xc5\xbcny post, ka\xc5\xbcdy obudowany jest selfikiem. Inna sprawa, \xc5\xbce nagle ka\xc5\xbcdy celebryta mieszka w Grecji, zna ka\xc5\xbcda uliczk\xc4\x99 i robi zakupy w lokalnych sklepach. Grecja jest popularnym kierunkiem, nie tylko wy tam je\xc5\xbadzicie, drodzy celebryci ;)'
2023-07-29 11:00:35,400 - INFO - click - clicking given xpath: //*[@id="page_content"]/div[1]/div/div[3]/div/div/div/div/div[3]/div/div[1]/div[2]/div/button[2] - search_comment - called click dislike button from comment searching
2023-07-29 11:00:40,404 - INFO - Time of looking the comment is equal to: 22.19976806640625 
2023-07-29 11:00:40,405 - INFO - Counter: 1 
2023-07-29 11:00:40,405 - INFO -  
 
 main - here we are at main. Calling get_homePage. Like/dislike == dislike
2023-07-29 11:00:45,416 - INFO - Search_And_Like - failed to get homePage - refresh and terms
2023-07-29 11:00:45,416 - INFO - Terms and conditions starting...
2023-07-29 11:00:45,437 - INFO - terms - Terms and conditions not found - searching comment
2023-07-29 11:00:48,439 - INFO - comment1: A ja uważam, ze Kinga takimi postami się zwyczajnie promuje. To jest ludzka tragedia, a dla pani pretekst żeby wrzucić swoje zdjęcie. Taki jest zreszta cały instagram. Niewazne jak poważny post, każdy obudowany jest selfikiem. Inna sprawa, że nagle każdy celebryta mieszka w Grecji, zna każda uliczkę i robi zakupy w lokalnych sklepach. Grecja jest popularnym kierunkiem, nie tylko wy tam jeździcie, drodzy celebryci ;)
2023-07-29 11:00:48,439 - INFO - search_comment - searching for comment - CURRENT PAGE IS: 1
2023-07-29 11:00:48,471 - INFO - b'(<!-- -->320<!-- -->)'
2023-07-29 11:00:48,488 - INFO - b'A ja uwa\xc5\xbcam, ze Kinga takimi postami si\xc4\x99 zwyczajnie promuje. To jest ludzka tragedia, a dla pani pretekst \xc5\xbceby wrzuci\xc4\x87 swoje zdj\xc4\x99cie. Taki jest zreszta ca\xc5\x82y instagram. Niewazne jak powa\xc5\xbcny post, ka\xc5\xbcdy obudowany jest selfikiem. Inna sprawa, \xc5\xbce nagle ka\xc5\xbcdy celebryta mieszka w Grecji, zna ka\xc5\xbcda uliczk\xc4\x99 i robi zakupy w lokalnych sklepach. Grecja jest popularnym kierunkiem, nie tylko wy tam je\xc5\xbadzicie, drodzy celebryci ;)'
2023-07-29 11:01:01,512 - INFO - click - clicking given xpath: //*[@id="page_content"]/div[1]/div/div[3]/div/div/div/div/div[3]/div/div[1]/div[2]/div/button[2] - search_comment - called click dislike button from comment searching
2023-07-29 11:01:01,512 - INFO - Time of looking the comment is equal to: 21.107124090194702 
2023-07-29 11:01:01,512 - INFO - Counter: 2 
2023-07-29 11:01:01,512 - INFO -  
 
 main - here we are at main. Calling get_homePage. Like/dislike == dislike
2023-07-29 11:01:02,126 - INFO - got home page: https://www.pudelek.pl/https://www.pudelek.pl/kinga-rusin-komentuje-tragiczny-pozar-na-rodos-ewakuowano-wszystkich-mieszkancow-miejscowosci-sasiadujacej-z-nasza-wioska-6923733386107872a?fbclid=IwAR0eb8JgpF4vPFCyvRNT_5kqnhePmDNu1EHBWo_l0fd7fyQR_TFwZNDklJc
2023-07-29 11:01:02,126 - INFO - Terms and conditions starting...
2023-07-29 11:01:02,132 - INFO - terms - Terms and conditions not found - searching comment
2023-07-29 11:01:05,134 - INFO - comment1: A ja uważam, ze Kinga takimi postami się zwyczajnie promuje. To jest ludzka tragedia, a dla pani pretekst żeby wrzucić swoje zdjęcie. Taki jest zreszta cały instagram. Niewazne jak poważny post, każdy obudowany jest selfikiem. Inna sprawa, że nagle każdy celebryta mieszka w Grecji, zna każda uliczkę i robi zakupy w lokalnych sklepach. Grecja jest popularnym kierunkiem, nie tylko wy tam jeździcie, drodzy celebryci ;)
2023-07-29 11:01:05,135 - INFO - search_comment - searching for comment - CURRENT PAGE IS: 1
2023-07-29 11:01:05,159 - INFO - b'(<!-- -->320<!-- -->)'
2023-07-29 11:01:05,175 - INFO - b'A ja uwa\xc5\xbcam, ze Kinga takimi postami si\xc4\x99 zwyczajnie promuje. To jest ludzka tragedia, a dla pani pretekst \xc5\xbceby wrzuci\xc4\x87 swoje zdj\xc4\x99cie. Taki jest zreszta ca\xc5\x82y instagram. Niewazne jak powa\xc5\xbcny post, ka\xc5\xbcdy obudowany jest selfikiem. Inna sprawa, \xc5\xbce nagle ka\xc5\xbcdy celebryta mieszka w Grecji, zna ka\xc5\xbcda uliczk\xc4\x99 i robi zakupy w lokalnych sklepach. Grecja jest popularnym kierunkiem, nie tylko wy tam je\xc5\xbadzicie, drodzy celebryci ;)'
2023-07-29 11:14:13,791 - INFO -  
 
 main - here we are at main. Calling get_homePage. Like/dislike == dislike
2023-07-29 11:14:14,776 - INFO - got home page: https://www.pudelek.pl/https://www.pudelek.pl/kinga-rusin-komentuje-tragiczny-pozar-na-rodos-ewakuowano-wszystkich-mieszkancow-miejscowosci-sasiadujacej-z-nasza-wioska-6923733386107872a?fbclid=IwAR0eb8JgpF4vPFCyvRNT_5kqnhePmDNu1EHBWo_l0fd7fyQR_TFwZNDklJc
2023-07-29 11:14:14,776 - INFO - Terms and conditions starting...
2023-07-29 11:14:14,810 - INFO - click - clicking given xpath: /html/body/div[3]/div/div[2]/div[3]/div/button[2] - clicked accept terms button
2023-07-29 11:14:17,820 - INFO - comment1: A ja uważam, ze Kinga takimi postami się zwyczajnie promuje. To jest ludzka tragedia, a dla pani pretekst żeby wrzucić swoje zdjęcie. Taki jest zreszta cały instagram. Niewazne jak poważny post, każdy obudowany jest selfikiem. Inna sprawa, że nagle każdy celebryta mieszka w Grecji, zna każda uliczkę i robi zakupy w lokalnych sklepach. Grecja jest popularnym kierunkiem, nie tylko wy tam jeździcie, drodzy celebryci ;)
2023-07-29 11:14:17,820 - INFO - search_comment - searching for comment - CURRENT PAGE IS: 1
2023-07-29 11:14:17,858 - INFO - b'(<!-- -->320<!-- -->)'
2023-07-29 11:14:17,890 - INFO - b'A ja uwa\xc5\xbcam, ze Kinga takimi postami si\xc4\x99 zwyczajnie promuje. To jest ludzka tragedia, a dla pani pretekst \xc5\xbceby wrzuci\xc4\x87 swoje zdj\xc4\x99cie. Taki jest zreszta ca\xc5\x82y instagram. Niewazne jak powa\xc5\xbcny post, ka\xc5\xbcdy obudowany jest selfikiem. Inna sprawa, \xc5\xbce nagle ka\xc5\xbcdy celebryta mieszka w Grecji, zna ka\xc5\xbcda uliczk\xc4\x99 i robi zakupy w lokalnych sklepach. Grecja jest popularnym kierunkiem, nie tylko wy tam je\xc5\xbadzicie, drodzy celebryci ;)'
2023-07-29 11:14:30,917 - INFO - click - clicking given xpath: //*[@id="page_content"]/div[1]/div/div[3]/div/div/div/div/div[3]/div/div[1]/div[2]/div/button[2] - search_comment - called click dislike button from comment searching
2023-07-29 11:14:35,920 - INFO - Time of looking the comment is equal to: 22.129508018493652 
2023-07-29 11:14:35,921 - INFO - Counter: 1 
2023-07-29 11:14:35,921 - INFO -  
 
 main - here we are at main. Calling get_homePage. Like/dislike == dislike
